\BOOKMARK [1][-]{section.1}{\376\377\000R\000e\000l\000e\000v\000a\000n\000t\000\040\000T\000h\000e\000o\000r\000y}{}% 1
\BOOKMARK [1][-]{section.2}{\376\377\000E\000x\000p\000e\000r\000i\000m\000e\000n\000t\000\040\000S\000e\000t\000u\000p\000\040\000a\000n\000d\000\040\000H\000a\000r\000d\000w\000a\000r\000e}{}% 2
\BOOKMARK [2][-]{subsection.2.1}{\376\377\000E\000x\000p\000e\000r\000i\000m\000e\000n\000t\000a\000l\000\040\000S\000e\000t\000u\000p\000\040\000P\000r\000o\000c\000e\000d\000u\000r\000e\000s}{section.2}% 3
\BOOKMARK [1][-]{section.3}{\376\377\000C\000a\000l\000i\000b\000r\000a\000t\000i\000o\000n\000\040\000U\000s\000i\000n\000g\000\040\0001\0003\0007\000C\000s\000,\000\040\0002\0002\000N\000a\000,\000\040\000a\000n\000d\000\040\0006\0000\000C\000o}{}% 4
\BOOKMARK [2][-]{subsection.3.1}{\376\377\000C\000a\000l\000i\000b\000r\000a\000t\000i\000o\000n}{section.3}% 5
\BOOKMARK [2][-]{subsection.3.2}{\376\377\000S\000p\000e\000c\000t\000r\000u\000m\000\040\000o\000f\000\040\0001\0003\0007\000C\000s}{section.3}% 6
\BOOKMARK [2][-]{subsection.3.3}{\376\377\000S\000p\000e\000c\000t\000r\000u\000m\000\040\000o\000f\000\040\0002\0002\000N\000a}{section.3}% 7
\BOOKMARK [2][-]{subsection.3.4}{\376\377\000S\000p\000e\000c\000t\000r\000u\000m\000\040\000o\000f\000\040\0006\0000\000C\000o}{section.3}% 8
\BOOKMARK [2][-]{subsection.3.5}{\376\377\000B\000a\000c\000k\000g\000r\000o\000u\000n\000d}{section.3}% 9
\BOOKMARK [1][-]{section.4}{\376\377\000L\000e\000a\000d\000\040\000P\000l\000a\000t\000e\000\040\000M\000e\000a\000s\000u\000r\000e\000m\000e\000n\000t}{}% 10
\BOOKMARK [1][-]{section.5}{\376\377\000A\000l\000u\000m\000i\000n\000u\000m\000\040\000P\000l\000a\000t\000e\000\040\000M\000e\000a\000s\000u\000r\000e\000m\000e\000n\000t}{}% 11
\BOOKMARK [1][-]{section.6}{\376\377\000A\000t\000t\000e\000n\000u\000a\000t\000i\000o\000n\000\040\000C\000o\000e\000f\000f\000i\000c\000i\000e\000n\000t\000\040\000E\000s\000t\000i\000m\000a\000t\000i\000o\000n}{}% 12
\BOOKMARK [2][-]{subsection.6.1}{\376\377\000R\000e\000c\000o\000r\000d\000i\000n\000g\000\040\0001\000,\000\040\000n\000o\000\040\000s\000h\000i\000e\000l\000d\000i\000n\000g\000,\000\040\000N\000P\000=\0000}{section.6}% 13
\BOOKMARK [2][-]{subsection.6.2}{\376\377\000R\000e\000c\000o\000r\000d\000i\000n\000g\000\040\0002\000,\000\040\000N\000P\000=\0001}{section.6}% 14
\BOOKMARK [2][-]{subsection.6.3}{\376\377\000R\000e\000c\000o\000r\000d\000i\000n\000g\000\040\0003\000,\000\040\000N\000P\000=\0002}{section.6}% 15
\BOOKMARK [2][-]{subsection.6.4}{\376\377\000R\000e\000c\000o\000r\000d\000i\000n\000g\000\040\0004\000,\000\040\000N\000P\000=\0003}{section.6}% 16
\BOOKMARK [2][-]{subsection.6.5}{\376\377\000R\000e\000c\000o\000r\000d\000i\000n\000g\000\040\0005\000,\000\040\000N\000P\000=\0004}{section.6}% 17
\BOOKMARK [2][-]{subsection.6.6}{\376\377\000R\000e\000c\000o\000r\000d\000i\000n\000g\000\040\0006\000,\000\040\000N\000P\000=\0005}{section.6}% 18
\BOOKMARK [2][-]{subsection.6.7}{\376\377\000R\000e\000c\000o\000r\000d\000i\000n\000g\000\040\0007\000,\000\040\000N\000P\000=\0006}{section.6}% 19
\BOOKMARK [2][-]{subsection.6.8}{\376\377\000R\000e\000c\000o\000r\000d\000i\000n\000g\000\040\0008\000,\000\040\000N\000P\000=\0007}{section.6}% 20
\BOOKMARK [2][-]{subsection.6.9}{\376\377\000R\000e\000c\000o\000r\000d\000i\000n\000g\000\040\0009\000,\000\040\000N\000P\000=\0008}{section.6}% 21
\BOOKMARK [2][-]{subsection.6.10}{\376\377\000R\000e\000c\000o\000r\000d\000i\000n\000g\000\040\0001\0000\000,\000\040\000N\000P\000=\0009}{section.6}% 22
\BOOKMARK [2][-]{subsection.6.11}{\376\377\000R\000e\000c\000o\000r\000d\000i\000n\000g\000\040\0001\0001\000,\000\040\000N\000P\000=\0001\0000}{section.6}% 23
\BOOKMARK [1][-]{section.7}{\376\377\000A\000l\000u\000m\000i\000n\000u\000m\000\040\000P\000l\000a\000t\000e}{}% 24
\BOOKMARK [2][-]{subsection.7.1}{\376\377\000R\000e\000c\000o\000r\000d\000i\000n\000g\000\040\0001\000,\000\040\000P\000l\000a\000t\000e\000\040\000P\000r\000e\000s\000e\000n\000t}{section.7}% 25
\BOOKMARK [2][-]{subsection.7.2}{\376\377\000R\000e\000c\000o\000r\000d\000i\000n\000g\000\040\0001\000,\000\040\000P\000l\000a\000t\000e\000\040\000N\000o\000t\000\040\000P\000r\000e\000s\000e\000n\000t}{section.7}% 26
\BOOKMARK [2][-]{subsection.7.3}{\376\377\000R\000e\000c\000o\000r\000d\000i\000n\000g\000\040\0002\000,\000\040\000P\000l\000a\000t\000e\000\040\000P\000r\000e\000s\000e\000n\000t}{section.7}% 27
\BOOKMARK [2][-]{subsection.7.4}{\376\377\000R\000e\000c\000o\000r\000d\000i\000n\000g\000\040\0002\000,\000\040\000P\000l\000a\000t\000e\000\040\000N\000o\000t\000\040\000P\000r\000e\000s\000e\000n\000t}{section.7}% 28
\BOOKMARK [2][-]{subsection.7.5}{\376\377\000R\000e\000c\000o\000r\000d\000i\000n\000g\000\040\0003\000,\000\040\000P\000l\000a\000t\000e\000\040\000P\000r\000e\000s\000e\000n\000t}{section.7}% 29
\BOOKMARK [1][-]{section.8}{\376\377\000C\000o\000n\000c\000l\000u\000s\000i\000o\000n}{}% 30
