Performing C SOURCE FILE Test CMAKE_HAVE_LIBC_PTHREAD failed with the following output:
Change Dir: /home/finn/finn-data/honours-project/c-attempt/build/CMakeFiles/CMakeTmp

Run Build Command(s):/usr/bin/gmake -f Makefile cmTC_fdc24/fast && /usr/bin/gmake  -f CMakeFiles/cmTC_fdc24.dir/build.make CMakeFiles/cmTC_fdc24.dir/build
gmake[1]: Entering directory '/mnt/nvme0n1p1/honours-project/c-attempt/build/CMakeFiles/CMakeTmp'
Building C object CMakeFiles/cmTC_fdc24.dir/src.c.o
/usr/bin/cc -DCMAKE_HAVE_LIBC_PTHREAD  -fPIC  -o CMakeFiles/cmTC_fdc24.dir/src.c.o -c /home/finn/finn-data/honours-project/c-attempt/build/CMakeFiles/CMakeTmp/src.c
Linking C executable cmTC_fdc24
/usr/bin/cmake -E cmake_link_script CMakeFiles/cmTC_fdc24.dir/link.txt --verbose=1
/usr/bin/cc -fPIC  CMakeFiles/cmTC_fdc24.dir/src.c.o -o cmTC_fdc24 
/usr/lib64/gcc/x86_64-suse-linux/7/../../../../x86_64-suse-linux/bin/ld: CMakeFiles/cmTC_fdc24.dir/src.c.o: in function `main':
src.c:(.text+0x2f): undefined reference to `pthread_create'
/usr/lib64/gcc/x86_64-suse-linux/7/../../../../x86_64-suse-linux/bin/ld: src.c:(.text+0x3b): undefined reference to `pthread_detach'
/usr/lib64/gcc/x86_64-suse-linux/7/../../../../x86_64-suse-linux/bin/ld: src.c:(.text+0x47): undefined reference to `pthread_cancel'
/usr/lib64/gcc/x86_64-suse-linux/7/../../../../x86_64-suse-linux/bin/ld: src.c:(.text+0x58): undefined reference to `pthread_join'
collect2: error: ld returned 1 exit status
gmake[1]: *** [CMakeFiles/cmTC_fdc24.dir/build.make:99: cmTC_fdc24] Error 1
gmake[1]: Leaving directory '/mnt/nvme0n1p1/honours-project/c-attempt/build/CMakeFiles/CMakeTmp'
gmake: *** [Makefile:127: cmTC_fdc24/fast] Error 2


Source file was:
#include <pthread.h>

static void* test_func(void* data)
{
  return data;
}

int main(void)
{
  pthread_t thread;
  pthread_create(&thread, NULL, test_func, NULL);
  pthread_detach(thread);
  pthread_cancel(thread);
  pthread_join(thread, NULL);
  pthread_atfork(NULL, NULL, NULL);
  pthread_exit(NULL);

  return 0;
}

Determining if the function pthread_create exists in the pthreads failed with the following output:
Change Dir: /home/finn/finn-data/honours-project/c-attempt/build/CMakeFiles/CMakeTmp

Run Build Command(s):/usr/bin/gmake -f Makefile cmTC_cef6d/fast && /usr/bin/gmake  -f CMakeFiles/cmTC_cef6d.dir/build.make CMakeFiles/cmTC_cef6d.dir/build
gmake[1]: Entering directory '/mnt/nvme0n1p1/honours-project/c-attempt/build/CMakeFiles/CMakeTmp'
Building C object CMakeFiles/cmTC_cef6d.dir/CheckFunctionExists.c.o
/usr/bin/cc   -fPIC -DCHECK_FUNCTION_EXISTS=pthread_create -o CMakeFiles/cmTC_cef6d.dir/CheckFunctionExists.c.o -c /usr/share/cmake/Modules/CheckFunctionExists.c
Linking C executable cmTC_cef6d
/usr/bin/cmake -E cmake_link_script CMakeFiles/cmTC_cef6d.dir/link.txt --verbose=1
/usr/bin/cc -fPIC -DCHECK_FUNCTION_EXISTS=pthread_create CMakeFiles/cmTC_cef6d.dir/CheckFunctionExists.c.o -o cmTC_cef6d  -lpthreads 
/usr/lib64/gcc/x86_64-suse-linux/7/../../../../x86_64-suse-linux/bin/ld: cannot find -lpthreads: No such file or directory
collect2: error: ld returned 1 exit status
gmake[1]: *** [CMakeFiles/cmTC_cef6d.dir/build.make:99: cmTC_cef6d] Error 1
gmake[1]: Leaving directory '/mnt/nvme0n1p1/honours-project/c-attempt/build/CMakeFiles/CMakeTmp'
gmake: *** [Makefile:127: cmTC_cef6d/fast] Error 2



