Performing C SOURCE FILE Test CMAKE_HAVE_LIBC_PTHREAD failed with the following output:
Change Dir: /mnt/nvme0n1p1/honours-project/build/CMakeFiles/CMakeTmp

Run Build Command(s):/usr/bin/gmake -f Makefile cmTC_b0d2b/fast && /usr/bin/gmake  -f CMakeFiles/cmTC_b0d2b.dir/build.make CMakeFiles/cmTC_b0d2b.dir/build
gmake[1]: Entering directory '/mnt/nvme0n1p1/honours-project/build/CMakeFiles/CMakeTmp'
Building C object CMakeFiles/cmTC_b0d2b.dir/src.c.o
/usr/bin/clang -DCMAKE_HAVE_LIBC_PTHREAD   -MD -MT CMakeFiles/cmTC_b0d2b.dir/src.c.o -MF CMakeFiles/cmTC_b0d2b.dir/src.c.o.d -o CMakeFiles/cmTC_b0d2b.dir/src.c.o -c /mnt/nvme0n1p1/honours-project/build/CMakeFiles/CMakeTmp/src.c
Linking C executable cmTC_b0d2b
/usr/bin/cmake -E cmake_link_script CMakeFiles/cmTC_b0d2b.dir/link.txt --verbose=1
/usr/bin/clang CMakeFiles/cmTC_b0d2b.dir/src.c.o -o cmTC_b0d2b 
/usr/bin/ld: CMakeFiles/cmTC_b0d2b.dir/src.c.o: in function `main':
src.c:(.text+0x25): undefined reference to `pthread_create'
/usr/bin/ld: src.c:(.text+0x2e): undefined reference to `pthread_detach'
/usr/bin/ld: src.c:(.text+0x37): undefined reference to `pthread_cancel'
/usr/bin/ld: src.c:(.text+0x44): undefined reference to `pthread_join'
clang-13.0: error: linker command failed with exit code 1 (use -v to see invocation)
gmake[1]: *** [CMakeFiles/cmTC_b0d2b.dir/build.make:100: cmTC_b0d2b] Error 1
gmake[1]: Leaving directory '/mnt/nvme0n1p1/honours-project/build/CMakeFiles/CMakeTmp'
gmake: *** [Makefile:127: cmTC_b0d2b/fast] Error 2


Source file was:
#include <pthread.h>

static void* test_func(void* data)
{
  return data;
}

int main(void)
{
  pthread_t thread;
  pthread_create(&thread, NULL, test_func, NULL);
  pthread_detach(thread);
  pthread_cancel(thread);
  pthread_join(thread, NULL);
  pthread_atfork(NULL, NULL, NULL);
  pthread_exit(NULL);

  return 0;
}

Determining if the function pthread_create exists in the pthreads failed with the following output:
Change Dir: /mnt/nvme0n1p1/honours-project/build/CMakeFiles/CMakeTmp

Run Build Command(s):/usr/bin/gmake -f Makefile cmTC_9ea97/fast && /usr/bin/gmake  -f CMakeFiles/cmTC_9ea97.dir/build.make CMakeFiles/cmTC_9ea97.dir/build
gmake[1]: Entering directory '/mnt/nvme0n1p1/honours-project/build/CMakeFiles/CMakeTmp'
Building C object CMakeFiles/cmTC_9ea97.dir/CheckFunctionExists.c.o
/usr/bin/clang   -DCHECK_FUNCTION_EXISTS=pthread_create -MD -MT CMakeFiles/cmTC_9ea97.dir/CheckFunctionExists.c.o -MF CMakeFiles/cmTC_9ea97.dir/CheckFunctionExists.c.o.d -o CMakeFiles/cmTC_9ea97.dir/CheckFunctionExists.c.o -c /usr/share/cmake/Modules/CheckFunctionExists.c
Linking C executable cmTC_9ea97
/usr/bin/cmake -E cmake_link_script CMakeFiles/cmTC_9ea97.dir/link.txt --verbose=1
/usr/bin/clang  -DCHECK_FUNCTION_EXISTS=pthread_create CMakeFiles/cmTC_9ea97.dir/CheckFunctionExists.c.o -o cmTC_9ea97  -lpthreads 
/usr/bin/ld: cannot find -lpthreads: No such file or directory
clang-13.0: error: linker command failed with exit code 1 (use -v to see invocation)
gmake[1]: *** [CMakeFiles/cmTC_9ea97.dir/build.make:100: cmTC_9ea97] Error 1
gmake[1]: Leaving directory '/mnt/nvme0n1p1/honours-project/build/CMakeFiles/CMakeTmp'
gmake: *** [Makefile:127: cmTC_9ea97/fast] Error 2



